#
# A fatal error has been detected by the Java Runtime Environment:
#
#  EXCEPTION_UNCAUGHT_CXX_EXCEPTION (0xe06d7363) at pc=0x000007fefda4940d, pid=5872, tid=6012
#
# JRE version: Java(TM) SE Runtime Environment (8.0-b132) (build 1.8.0-b132)
# Java VM: Java HotSpot(TM) 64-Bit Server VM (25.0-b70 mixed mode windows-amd64 compressed oops)
# Problematic frame:
# C  [KERNELBASE.dll+0x940d]
#
# Failed to write core dump. Minidumps are not enabled by default on client versions of Windows
#
# If you would like to submit a bug report, please visit:
#   http://bugreport.sun.com/bugreport/crash.jsp
# The crash happened outside the Java Virtual Machine in native code.
# See problematic frame for where to report the bug.
#

---------------  T H R E A D  ---------------

Current thread (0x000000005602d000):  JavaThread "JavaFX Application Thread" [_thread_in_native, id=6012, stack(0x0000000057850000,0x0000000057950000)]

siginfo: ExceptionCode=0xe06d7363, ExceptionInformation=0x0000000019930520 0x000000005794ce80 0x0000000072f700f8 0x0000000072f40000 

Registers:
RAX=0x0000000024d05616, RBX=0x000000005794ce80, RCX=0x000000005794c710, RDX=0x00000000000000d0
RSP=0x000000005794cd20, RBP=0x000000005794ce50, RSI=0x0000000000000002, RDI=0x0000000072f700f8
R8 =0x0000000000000000, R9 =0x0000000000000000, R10=0x0000000072f40000, R11=0x000000005794cd60
R12=0x0000000000040100, R13=0x000000005794d190, R14=0x000000005602d1e0, R15=0x000000005602d1e0
RIP=0x000007fefda4940d, EFLAGS=0x0000000000000202

Top of Stack: (sp=0x000000005794cd20)
0x000000005794cd20:   000000005794ce80 0000000000000002
0x000000005794cd30:   0000000072f700f8 0000000000000000
0x000000005794cd40:   00000001e06d7363 0000000000000000
0x000000005794cd50:   000007fefda4940d 0000000000000004
0x000000005794cd60:   0000000019930520 000000005794ce80
0x000000005794cd70:   0000000072f700f8 0000000072f40000
0x000000005794cd80:   0000000000000002 000000005794ce08
0x000000005794cd90:   0000000000000002 0000000072fed3b6
0x000000005794cda0:   000000000040b3f0 0000000000000084
0x000000005794cdb0:   0000000000000002 00000000000000b0
0x000000005794cdc0:   000000005602d1e0 000000005794d190
0x000000005794cdd0:   0000000000040100 0000000072f700f8
0x000000005794cde0:   0000000000000002 0000000072fe14f1
0x000000005794cdf0:   000000005794ce80 000000005794ce60
0x000000005794ce00:   0000000000000001 0000000072f40110
0x000000005794ce10:   00000001e06d7363 0000000000000000 

Instructions: (pc=0x000007fefda4940d)
0x000007fefda493ed:   54 24 24 48 89 4c 24 28 4d 85 c9 0f 85 aa 18 00
0x000007fefda493fd:   00 89 4c 24 38 48 8d 4c 24 20 ff 15 93 1e 04 00
0x000007fefda4940d:   48 81 c4 c8 00 00 00 c3 90 90 90 90 90 90 90 90
0x000007fefda4941d:   90 90 90 48 8b c4 48 83 ec 78 41 f7 c0 fe ff ff 


Register to memory mapping:

RAX=0x0000000024d05616 is an unknown value
RBX=0x000000005794ce80 is pointing into the stack for thread: 0x000000005602d000
RCX=0x000000005794c710 is pointing into the stack for thread: 0x000000005602d000
RDX=0x00000000000000d0 is an unknown value
RSP=0x000000005794cd20 is pointing into the stack for thread: 0x000000005602d000
RBP=0x000000005794ce50 is pointing into the stack for thread: 0x000000005602d000
RSI=0x0000000000000002 is an unknown value
RDI=0x0000000072f700f8 is an unknown value
R8 =0x0000000000000000 is an unknown value
R9 =0x0000000000000000 is an unknown value
R10=0x0000000072f40000 is an unknown value
R11=0x000000005794cd60 is pointing into the stack for thread: 0x000000005602d000
R12=0x0000000000040100 is an unknown value
R13=0x000000005794d190 is pointing into the stack for thread: 0x000000005602d000
R14=0x000000005602d1e0 is an unknown value
R15=0x000000005602d1e0 is an unknown value


Stack: [0x0000000057850000,0x0000000057950000],  sp=0x000000005794cd20,  free space=1011k
Native frames: (J=compiled Java code, j=interpreted, Vv=VM code, C=native code)
C  [KERNELBASE.dll+0x940d]
C  [msvcr100.dll+0x614f1]
C  [glass.dll+0x1da53]
C  [glass.dll+0x12f0c]
C  [glass.dll+0x9173]
C  [glass.dll+0x4218]
C  [USER32.dll+0x19bd1]
C  [USER32.dll+0x16aa8]
C  [USER32.dll+0x16bad]
C  [glass.dll+0x8aa5]
C  [glass.dll+0xa42b]
C  0x00000000027d4b4e

Java frames: (J=compiled Java code, j=interpreted, Vv=VM code)
j  com.sun.glass.ui.win.WinDnDClipboard.push([Ljava/lang/Object;I)V+0
j  com.sun.glass.ui.win.WinSystemClipboard.pushToSystem(Ljava/util/HashMap;I)V+90
j  com.sun.glass.ui.SystemClipboard.flush(Lcom/sun/glass/ui/ClipboardAssistance;Ljava/util/HashMap;I)V+13
j  com.sun.glass.ui.ClipboardAssistance.flush()V+16
j  com.sun.javafx.tk.quantum.QuantumClipboard.flush()V+40
j  com.sun.javafx.tk.quantum.QuantumToolkit.startDrag(Lcom/sun/javafx/tk/TKScene;Ljava/util/Set;Lcom/sun/javafx/tk/TKDragSourceListener;Ljavafx/scene/input/Dragboard;)V+46
j  javafx.scene.Scene$DnDGesture.dragDetectedProcessed()V+63
j  javafx.scene.Scene$DnDGesture.process(Ljavafx/scene/input/MouseEvent;Ljavafx/event/EventTarget;)Z+107
j  javafx.scene.Scene$DnDGesture.access$8400(Ljavafx/scene/Scene$DnDGesture;Ljavafx/scene/input/MouseEvent;Ljavafx/event/EventTarget;)Z+3
j  javafx.scene.Scene$MouseHandler.process(Ljavafx/scene/input/MouseEvent;Z)V+575
j  javafx.scene.Scene$MouseHandler.access$1800(Ljavafx/scene/Scene$MouseHandler;Ljavafx/scene/input/MouseEvent;Z)V+3
j  javafx.scene.Scene.impl_processMouseEvent(Ljavafx/scene/input/MouseEvent;)V+6
j  javafx.scene.Scene$ScenePeerListener.mouseEvent(Ljavafx/event/EventType;DDDDLjavafx/scene/input/MouseButton;ZZZZZZZZZ)V+46
j  com.sun.javafx.tk.quantum.GlassViewEventHandler$MouseEventNotification.run()Ljava/lang/Void;+422
j  com.sun.javafx.tk.quantum.GlassViewEventHandler$MouseEventNotification.run()Ljava/lang/Object;+1
v  ~StubRoutines::call_stub
J 3980  java.security.AccessController.doPrivileged(Ljava/security/PrivilegedAction;Ljava/security/AccessControlContext;)Ljava/lang/Object; (0 bytes) @ 0x00000000032915e6 [0x0000000003291580+0x66]
j  com.sun.javafx.tk.quantum.GlassViewEventHandler.handleMouseEvent(Lcom/sun/glass/ui/View;JIIIIIIIZZ)V+108
j  com.sun.glass.ui.View.handleMouseEvent(JIIIIIIIZZ)V+30
j  com.sun.glass.ui.View.notifyMouse(IIIIIIIZZ)V+181
v  ~StubRoutines::call_stub
j  com.sun.glass.ui.win.WinApplication._runLoop(Ljava/lang/Runnable;)V+0
j  com.sun.glass.ui.win.WinApplication.access$300(Lcom/sun/glass/ui/win/WinApplication;Ljava/lang/Runnable;)V+2
j  com.sun.glass.ui.win.WinApplication$4$1.run()V+25
j  java.lang.Thread.run()V+11
v  ~StubRoutines::call_stub

---------------  P R O C E S S  ---------------

Java Threads: ( => current thread )
  0x000000005b7ff000 JavaThread "Prism Font Disposer" daemon [_thread_blocked, id=6124, stack(0x000000005ed90000,0x000000005ee90000)]
  0x000000005abf2800 JavaThread "pool-2-thread-1" [_thread_blocked, id=5956, stack(0x000000005c9a0000,0x000000005caa0000)]
  0x0000000056068000 JavaThread "Thread-3" daemon [_thread_in_native, id=1640, stack(0x000000005a380000,0x000000005a480000)]
  0x000000005606b000 JavaThread "JavaFX-Launcher" [_thread_blocked, id=5908, stack(0x000000005a4a0000,0x000000005a5a0000)]
=>0x000000005602d000 JavaThread "JavaFX Application Thread" [_thread_in_native, id=6012, stack(0x0000000057850000,0x0000000057950000)]
  0x0000000055fd9000 JavaThread "Thread-1" daemon [_thread_blocked, id=1144, stack(0x0000000057720000,0x0000000057820000)]
  0x0000000055fd5800 JavaThread "QuantumRenderer-0" daemon [_thread_blocked, id=3704, stack(0x0000000056c10000,0x0000000056d10000)]
  0x0000000055eb8800 JavaThread "Service Thread" daemon [_thread_blocked, id=5372, stack(0x0000000056b10000,0x0000000056c10000)]
  0x0000000055e38800 JavaThread "C1 CompilerThread2" daemon [_thread_blocked, id=4124, stack(0x00000000563e0000,0x00000000564e0000)]
  0x0000000055e37000 JavaThread "C2 CompilerThread1" daemon [_thread_blocked, id=5268, stack(0x0000000056930000,0x0000000056a30000)]
  0x0000000055e31800 JavaThread "C2 CompilerThread0" daemon [_thread_blocked, id=4000, stack(0x0000000056710000,0x0000000056810000)]
  0x0000000055e30800 JavaThread "Attach Listener" daemon [_thread_blocked, id=5788, stack(0x00000000564f0000,0x00000000565f0000)]
  0x0000000054af3800 JavaThread "Signal Dispatcher" daemon [_thread_blocked, id=1240, stack(0x0000000056290000,0x0000000056390000)]
  0x0000000054a94000 JavaThread "Finalizer" daemon [_thread_blocked, id=5828, stack(0x0000000055b20000,0x0000000055c20000)]
  0x0000000054a89000 JavaThread "Reference Handler" daemon [_thread_blocked, id=3152, stack(0x0000000055d30000,0x0000000055e30000)]
  0x000000000214e000 JavaThread "main" [_thread_blocked, id=5496, stack(0x00000000023f0000,0x00000000024f0000)]

Other Threads:
  0x0000000054a85000 VMThread [stack: 0x0000000055c30000,0x0000000055d30000] [id=5168]
  0x0000000055eba000 WatcherThread [stack: 0x0000000056600000,0x0000000056700000] [id=2800]

VM state:not at safepoint (normal execution)

VM Mutex/Monitor currently owned by a thread: None

Heap:
 PSYoungGen      total 37888K, used 22115K [0x00000000edb80000, 0x00000000f0c00000, 0x0000000100000000)
  eden space 33280K, 66% used [0x00000000edb80000,0x00000000ef118e00,0x00000000efc00000)
  from space 4608K, 0% used [0x00000000f0300000,0x00000000f0300000,0x00000000f0780000)
  to   space 7168K, 0% used [0x00000000efc00000,0x00000000efc00000,0x00000000f0300000)
 ParOldGen       total 17408K, used 12707K [0x00000000c9200000, 0x00000000ca300000, 0x00000000edb80000)
  object space 17408K, 72% used [0x00000000c9200000,0x00000000c9e68cc0,0x00000000ca300000)
 Metaspace       used 33587K, capacity 34008K, committed 34432K, reserved 1079296K
  class space    used 4787K, capacity 4895K, committed 4992K, reserved 1048576K

Card table byte_map: [0x0000000011b80000,0x0000000011d40000] byte_map_base: 0x0000000011537000

Marking Bits: (ParMarkBitMap*) 0x00000000613b13b0
 Begin Bits: [0x00000000123d0000, 0x0000000013188000)
 End Bits:   [0x0000000013188000, 0x0000000013f40000)

Polling page: 0x0000000000140000

CodeCache: size=245760Kb used=12061Kb max_used=12079Kb free=233698Kb
 bounds [0x00000000027c0000, 0x00000000033a0000, 0x00000000117c0000]
 total_blobs=5002 nmethods=4242 adapters=673
 compilation: enabled

Compilation events (10 events):
Event: 19.952 Thread 0x0000000055e38800 4262       3       java.io.BufferedWriter::ensureOpen (18 bytes)
Event: 19.952 Thread 0x0000000055e38800 nmethod 4262 0x0000000003383450 code [0x00000000033835c0, 0x00000000033837e8]
Event: 19.952 Thread 0x0000000055e38800 4263       1       sun.nio.cs.StreamEncoder::isOpen (5 bytes)
Event: 19.953 Thread 0x0000000055e38800 nmethod 4263 0x0000000003383190 code [0x00000000033832e0, 0x00000000033833f0]
Event: 19.955 Thread 0x0000000055e38800 4264       3       java.io.PrintStream::ensureOpen (18 bytes)
Event: 19.956 Thread 0x0000000055e38800 nmethod 4264 0x0000000003382d50 code [0x0000000003382ec0, 0x00000000033830e8]
Event: 19.962 Thread 0x0000000055e38800 4265   !   3       java.nio.CharBuffer::wrap (20 bytes)
Event: 19.963 Thread 0x0000000055e38800 nmethod 4265 0x00000000033825d0 code [0x0000000003382760, 0x0000000003382af8]
Event: 19.963 Thread 0x0000000055e38800 4266       3       java.nio.HeapCharBuffer::<init> (14 bytes)
Event: 19.964 Thread 0x0000000055e38800 nmethod 4266 0x0000000003382110 code [0x0000000003382280, 0x00000000033824a8]

GC Heap History (10 events):
Event: 3.637 GC heap before
{Heap before GC invocations=14 (full 0):
 PSYoungGen      total 19456K, used 15836K [0x00000000edb80000, 0x00000000efd00000, 0x0000000100000000)
  eden space 16896K, 78% used [0x00000000edb80000,0x00000000ee878038,0x00000000eec00000)
  from space 2560K, 99% used [0x00000000eec00000,0x00000000eee7f160,0x00000000eee80000)
  to   space 3584K, 0% used [0x00000000ef980000,0x00000000ef980000,0x00000000efd00000)
 ParOldGen       total 55808K, used 5933K [0x00000000c9200000, 0x00000000cc880000, 0x00000000edb80000)
  object space 55808K, 10% used [0x00000000c9200000,0x00000000c97cb598,0x00000000cc880000)
 Metaspace       used 20967K, capacity 21132K, committed 21296K, reserved 1067008K
  class space    used 2822K, capacity 2861K, committed 2944K, reserved 1048576K
Event: 3.647 GC heap after
Heap after GC invocations=14 (full 0):
 PSYoungGen      total 30720K, used 2383K [0x00000000edb80000, 0x00000000efd00000, 0x0000000100000000)
  eden space 27136K, 0% used [0x00000000edb80000,0x00000000edb80000,0x00000000ef600000)
  from space 3584K, 66% used [0x00000000ef980000,0x00000000efbd3d68,0x00000000efd00000)
  to   space 3584K, 0% used [0x00000000ef600000,0x00000000ef600000,0x00000000ef980000)
 ParOldGen       total 55808K, used 6965K [0x00000000c9200000, 0x00000000cc880000, 0x00000000edb80000)
  object space 55808K, 12% used [0x00000000c9200000,0x00000000c98cd5d8,0x00000000cc880000)
 Metaspace       used 20967K, capacity 21132K, committed 21296K, reserved 1067008K
  class space    used 2822K, capacity 2861K, committed 2944K, reserved 1048576K
}
Event: 3.647 GC heap before
{Heap before GC invocations=15 (full 1):
 PSYoungGen      total 30720K, used 2383K [0x00000000edb80000, 0x00000000efd00000, 0x0000000100000000)
  eden space 27136K, 0% used [0x00000000edb80000,0x00000000edb80000,0x00000000ef600000)
  from space 3584K, 66% used [0x00000000ef980000,0x00000000efbd3d68,0x00000000efd00000)
  to   space 3584K, 0% used [0x00000000ef600000,0x00000000ef600000,0x00000000ef980000)
 ParOldGen       total 55808K, used 6965K [0x00000000c9200000, 0x00000000cc880000, 0x00000000edb80000)
  object space 55808K, 12% used [0x00000000c9200000,0x00000000c98cd5d8,0x00000000cc880000)
 Metaspace       used 20967K, capacity 21132K, committed 21296K, reserved 1067008K
  class space    used 2822K, capacity 2861K, committed 2944K, reserved 1048576K
Event: 3.766 GC heap after
Heap after GC invocations=15 (full 1):
 PSYoungGen      total 30720K, used 0K [0x00000000edb80000, 0x00000000efd00000, 0x0000000100000000)
  eden space 27136K, 0% used [0x00000000edb80000,0x00000000edb80000,0x00000000ef600000)
  from space 3584K, 0% used [0x00000000ef980000,0x00000000ef980000,0x00000000efd00000)
  to   space 3584K, 0% used [0x00000000ef600000,0x00000000ef600000,0x00000000ef980000)
 ParOldGen       total 10240K, used 7338K [0x00000000c9200000, 0x00000000c9c00000, 0x00000000edb80000)
  object space 10240K, 71% used [0x00000000c9200000,0x00000000c992a9d8,0x00000000c9c00000)
 Metaspace       used 20967K, capacity 21132K, committed 21296K, reserved 1067008K
  class space    used 2822K, capacity 2861K, committed 2944K, reserved 1048576K
}
Event: 5.082 GC heap before
{Heap before GC invocations=16 (full 1):
 PSYoungGen      total 30720K, used 27136K [0x00000000edb80000, 0x00000000efd00000, 0x0000000100000000)
  eden space 27136K, 100% used [0x00000000edb80000,0x00000000ef600000,0x00000000ef600000)
  from space 3584K, 0% used [0x00000000ef980000,0x00000000ef980000,0x00000000efd00000)
  to   space 3584K, 0% used [0x00000000ef600000,0x00000000ef600000,0x00000000ef980000)
 ParOldGen       total 10240K, used 7338K [0x00000000c9200000, 0x00000000c9c00000, 0x00000000edb80000)
  object space 10240K, 71% used [0x00000000c9200000,0x00000000c992a9d8,0x00000000c9c00000)
 Metaspace       used 24948K, capacity 25320K, committed 25600K, reserved 1071104K
  class space    used 3389K, capacity 3479K, committed 3584K, reserved 1048576K
Event: 5.092 GC heap after
Heap after GC invocations=16 (full 1):
 PSYoungGen      total 30720K, used 3575K [0x00000000edb80000, 0x00000000f0780000, 0x0000000100000000)
  eden space 27136K, 0% used [0x00000000edb80000,0x00000000edb80000,0x00000000ef600000)
  from space 3584K, 99% used [0x00000000ef600000,0x00000000ef97df40,0x00000000ef980000)
  to   space 4608K, 0% used [0x00000000f0300000,0x00000000f0300000,0x00000000f0780000)
 ParOldGen       total 10240K, used 7611K [0x00000000c9200000, 0x00000000c9c00000, 0x00000000edb80000)
  object space 10240K, 74% used [0x00000000c9200000,0x00000000c996ee50,0x00000000c9c00000)
 Metaspace       used 24948K, capacity 25320K, committed 25600K, reserved 1071104K
  class space    used 3389K, capacity 3479K, committed 3584K, reserved 1048576K
}
Event: 8.561 GC heap before
{Heap before GC invocations=17 (full 1):
 PSYoungGen      total 30720K, used 30711K [0x00000000edb80000, 0x00000000f0780000, 0x0000000100000000)
  eden space 27136K, 100% used [0x00000000edb80000,0x00000000ef600000,0x00000000ef600000)
  from space 3584K, 99% used [0x00000000ef600000,0x00000000ef97df40,0x00000000ef980000)
  to   space 4608K, 0% used [0x00000000f0300000,0x00000000f0300000,0x00000000f0780000)
 ParOldGen       total 10240K, used 7611K [0x00000000c9200000, 0x00000000c9c00000, 0x00000000edb80000)
  object space 10240K, 74% used [0x00000000c9200000,0x00000000c996ee50,0x00000000c9c00000)
 Metaspace       used 30859K, capacity 31218K, committed 31360K, reserved 1077248K
  class space    used 4339K, capacity 4426K, committed 4480K, reserved 1048576K
Event: 8.581 GC heap after
Heap after GC invocations=17 (full 1):
 PSYoungGen      total 37888K, used 4594K [0x00000000edb80000, 0x00000000f0c00000, 0x0000000100000000)
  eden space 33280K, 0% used [0x00000000edb80000,0x00000000edb80000,0x00000000efc00000)
  from space 4608K, 99% used [0x00000000f0300000,0x00000000f077cac0,0x00000000f0780000)
  to   space 7168K, 0% used [0x00000000efc00000,0x00000000efc00000,0x00000000f0300000)
 ParOldGen       total 12800K, used 12015K [0x00000000c9200000, 0x00000000c9e80000, 0x00000000edb80000)
  object space 12800K, 93% used [0x00000000c9200000,0x00000000c9dbbfa0,0x00000000c9e80000)
 Metaspace       used 30859K, capacity 31218K, committed 31360K, reserved 1077248K
  class space    used 4339K, capacity 4426K, committed 4480K, reserved 1048576K
}
Event: 8.581 GC heap before
{Heap before GC invocations=18 (full 2):
 PSYoungGen      total 37888K, used 4594K [0x00000000edb80000, 0x00000000f0c00000, 0x0000000100000000)
  eden space 33280K, 0% used [0x00000000edb80000,0x00000000edb80000,0x00000000efc00000)
  from space 4608K, 99% used [0x00000000f0300000,0x00000000f077cac0,0x00000000f0780000)
  to   space 7168K, 0% used [0x00000000efc00000,0x00000000efc00000,0x00000000f0300000)
 ParOldGen       total 12800K, used 12015K [0x00000000c9200000, 0x00000000c9e80000, 0x00000000edb80000)
  object space 12800K, 93% used [0x00000000c9200000,0x00000000c9dbbfa0,0x00000000c9e80000)
 Metaspace       used 30859K, capacity 31218K, committed 31360K, reserved 1077248K
  class space    used 4339K, capacity 4426K, committed 4480K, reserved 1048576K
Event: 8.675 GC heap after
Heap after GC invocations=18 (full 2):
 PSYoungGen      total 37888K, used 0K [0x00000000edb80000, 0x00000000f0c00000, 0x0000000100000000)
  eden space 33280K, 0% used [0x00000000edb80000,0x00000000edb80000,0x00000000efc00000)
  from space 4608K, 0% used [0x00000000f0300000,0x00000000f0300000,0x00000000f0780000)
  to   space 7168K, 0% used [0x00000000efc00000,0x00000000efc00000,0x00000000f0300000)
 ParOldGen       total 17408K, used 12707K [0x00000000c9200000, 0x00000000ca300000, 0x00000000edb80000)
  object space 17408K, 72% used [0x00000000c9200000,0x00000000c9e68cc0,0x00000000ca300000)
 Metaspace       used 30859K, capacity 31218K, committed 31360K, reserved 1077248K
  class space    used 4339K, capacity 4426K, committed 4480K, reserved 1048576K
}

Deoptimization events (10 events):
Event: 5.609 Thread 0x000000005602d000 Uncommon trap: reason=class_check action=maybe_recompile pc=0x0000000002d7f50c method=java.lang.StringCoding$StringDecoder.decode([BII)[C @ 30
Event: 5.609 Thread 0x000000005602d000 Uncommon trap: reason=class_check action=maybe_recompile pc=0x0000000002d7f50c method=java.lang.StringCoding$StringDecoder.decode([BII)[C @ 30
Event: 5.609 Thread 0x000000005602d000 Uncommon trap: reason=class_check action=maybe_recompile pc=0x0000000002d7f50c method=java.lang.StringCoding$StringDecoder.decode([BII)[C @ 30
Event: 5.609 Thread 0x000000005602d000 Uncommon trap: reason=class_check action=maybe_recompile pc=0x0000000002d81ce4 method=java.lang.StringCoding$StringDecoder.decode([BII)[C @ 30
Event: 5.731 Thread 0x000000005602d000 Uncommon trap: reason=class_check action=maybe_recompile pc=0x0000000002c279d0 method=java.lang.ThreadLocal.get()Ljava/lang/Object; @ 6
Event: 5.732 Thread 0x000000005602d000 Uncommon trap: reason=class_check action=maybe_recompile pc=0x0000000002c279d0 method=java.lang.ThreadLocal.get()Ljava/lang/Object; @ 6
Event: 8.185 Thread 0x000000005602d000 Uncommon trap: reason=unloaded action=reinterpret pc=0x000000000294d310 method=java.lang.CharacterData.of(I)Ljava/lang/CharacterData; @ 96
Event: 8.292 Thread 0x000000005602d000 Uncommon trap: reason=unreached action=reinterpret pc=0x0000000002b5c060 method=java.util.HashMap.hash(Ljava/lang/Object;)I @ 1
Event: 9.268 Thread 0x000000005602d000 Uncommon trap: reason=unreached action=reinterpret pc=0x0000000002f79428 method=javafx.scene.CssStyleHelper.getStyle(Ljavafx/css/Styleable;Ljava/lang/String;Lcom/sun/javafx/css/StyleMap;Ljava/util/Set;)Lcom/sun/javafx/css/CascadingStyle; @ 1
Event: 9.285 Thread 0x000000005602d000 Uncommon trap: reason=unreached action=reinterpret pc=0x0000000003068d6c method=java.net.URL.<init>(Ljava/net/URL;Ljava/lang/String;Ljava/net/URLStreamHandler;)V @ 347

Internal exceptions (10 events):
Event: 9.268 Thread 0x000000005602d000 Implicit null exception at 0x0000000002f78aca to 0x0000000002f79419
Event: 9.413 Thread 0x000000005602d000 Exception <a 'java/security/PrivilegedActionException'> (0x00000000ee722b38) thrown at [D:\re\workspace\8-2-build-windows-amd64-cygwin\jdk8\2238\hotspot\src\share\vm\prims\jvm.cpp, line 1248]
Event: 9.414 Thread 0x000000005602d000 Exception <a 'java/security/PrivilegedActionException'> (0x00000000ee736438) thrown at [D:\re\workspace\8-2-build-windows-amd64-cygwin\jdk8\2238\hotspot\src\share\vm\prims\jvm.cpp, line 1248]
Event: 9.414 Thread 0x000000005602d000 Exception <a 'java/security/PrivilegedActionException'> (0x00000000ee750e00) thrown at [D:\re\workspace\8-2-build-windows-amd64-cygwin\jdk8\2238\hotspot\src\share\vm\prims\jvm.cpp, line 1248]
Event: 19.375 Thread 0x000000005602d000 Exception <a 'java/lang/ClassCastException': java.lang.String cannot be cast to javafx.scene.paint.Paint> (0x00000000ef0351c0) thrown at [D:\re\workspace\8-2-build-windows-amd64-cygwin\jdk8\2238\hotspot\src\share\vm\interpreter\interpreterRuntime.cpp, linexÁ÷dF|3@
Event: 19.485 Thread 0x000000005602d000 Exception <a 'java/security/PrivilegedActionException'> (0x00000000ef0777b8) thrown at [D:\re\workspace\8-2-build-windows-amd64-cygwin\jdk8\2238\hotspot\src\share\vm\prims\jvm.cpp, line 1248]
Event: 19.496 Thread 0x000000005602d000 Exception <a 'java/lang/NoSuchMethodError': <clinit>> (0x00000000ef086a48) thrown at [D:\re\workspace\8-2-build-windows-amd64-cygwin\jdk8\2238\hotspot\src\share\vm\prims\jni.cpp, line 1599]
Event: 19.943 Thread 0x000000005602d000 Exception <a 'java/lang/NullPointerException'> (0x00000000ef0b39d0) thrown at [D:\re\workspace\8-2-build-windows-amd64-cygwin\jdk8\2238\hotspot\src\share\vm\interpreter\linkResolver.cpp, line 1169]
Event: 19.943 Thread 0x000000005602d000 Exception <a 'java/lang/reflect/InvocationTargetException'> (0x00000000ef0b3ea0) thrown at [D:\re\workspace\8-2-build-windows-amd64-cygwin\jdk8\2238\hotspot\src\share\vm\runtime\reflection.cpp, line 1079]
Event: 19.943 Thread 0x000000005602d000 Exception <a 'java/lang/RuntimeException'> (0x00000000ef0b4530) thrown at [D:\re\workspace\8-2-build-windows-amd64-cygwin\jdk8\2238\hotspot\src\share\vm\prims\jvm.cpp, line 1252]

Events (10 events):
Event: 19.932 loading class com/sun/javafx/tk/quantum/GlassSceneDnDEventHandler$3
Event: 19.932 loading class com/sun/javafx/tk/quantum/GlassSceneDnDEventHandler$3 done
Event: 19.937 loading class javafx/event/ActionEvent
Event: 19.937 loading class javafx/event/ActionEvent done
Event: 19.938 loading class csunibonn/ris/javafx/platform/FXMLPlatformController
Event: 19.938 loading class csunibonn/ris/javafx/platform/FXMLPlatformController done
Event: 19.940 loading class com/sun/javafx/tk/quantum/GlassScene$3$1
Event: 19.940 loading class com/sun/javafx/tk/quantum/GlassScene$3$1 done
Event: 19.943 loading class java/lang/Throwable$WrappedPrintStream
Event: 19.943 loading class java/lang/Throwable$WrappedPrintStream done


Dynamic libraries:
0x000000013f790000 - 0x000000013f7c4000 	C:\Program Files\Java\jdk1.8.0\jre\bin\java.exe
0x0000000077be0000 - 0x0000000077d89000 	C:\Windows\SYSTEM32\ntdll.dll
0x0000000077ac0000 - 0x0000000077bdf000 	C:\Windows\system32\kernel32.dll
0x000007fefda40000 - 0x000007fefdaac000 	C:\Windows\system32\KERNELBASE.dll
0x000007fefe470000 - 0x000007fefe54b000 	C:\Windows\system32\ADVAPI32.dll
0x000007feffcb0000 - 0x000007feffd4f000 	C:\Windows\system32\msvcrt.dll
0x000007feffd50000 - 0x000007feffd6f000 	C:\Windows\SYSTEM32\sechost.dll
0x000007fefe250000 - 0x000007fefe37d000 	C:\Windows\system32\RPCRT4.dll
0x00000000779c0000 - 0x0000000077aba000 	C:\Windows\system32\USER32.dll
0x000007fefecf0000 - 0x000007fefed57000 	C:\Windows\system32\GDI32.dll
0x000007fefece0000 - 0x000007fefecee000 	C:\Windows\system32\LPK.dll
0x000007fefe380000 - 0x000007fefe449000 	C:\Windows\system32\USP10.dll
0x000007fefca60000 - 0x000007fefcc54000 	C:\Windows\WinSxS\amd64_microsoft.windows.common-controls_6595b64144ccf1df_6.0.7601.17514_none_fa396087175ac9ac\COMCTL32.dll
0x000007fefeea0000 - 0x000007fefef11000 	C:\Windows\system32\SHLWAPI.dll
0x000007fefed60000 - 0x000007fefed8e000 	C:\Windows\system32\IMM32.DLL
0x000007fefed90000 - 0x000007fefee99000 	C:\Windows\system32\MSCTF.dll
0x0000000072f80000 - 0x0000000073052000 	C:\Program Files\Java\jdk1.8.0\jre\bin\msvcr100.dll
0x0000000060c00000 - 0x000000006142a000 	C:\Program Files\Java\jdk1.8.0\jre\bin\server\jvm.dll
0x000007fef6dd0000 - 0x000007fef6dd9000 	C:\Windows\system32\WSOCK32.dll
0x000007fefea80000 - 0x000007fefeacd000 	C:\Windows\system32\WS2_32.dll
0x000007fefe240000 - 0x000007fefe248000 	C:\Windows\system32\NSI.dll
0x000007fefabf0000 - 0x000007fefac2b000 	C:\Windows\system32\WINMM.dll
0x0000000077db0000 - 0x0000000077db7000 	C:\Windows\system32\PSAPI.DLL
0x0000000074950000 - 0x000000007495f000 	C:\Program Files\Java\jdk1.8.0\jre\bin\verify.dll
0x00000000731b0000 - 0x00000000731d8000 	C:\Program Files\Java\jdk1.8.0\jre\bin\java.dll
0x0000000073190000 - 0x00000000731a6000 	C:\Program Files\Java\jdk1.8.0\jre\bin\zip.dll
0x000007fefef20000 - 0x000007feffca8000 	C:\Windows\system32\SHELL32.dll
0x000007fefead0000 - 0x000007fefecd3000 	C:\Windows\system32\ole32.dll
0x000007fefda00000 - 0x000007fefda0f000 	C:\Windows\system32\profapi.dll
0x0000000073070000 - 0x000000007309b000 	C:\Program Files\Java\jdk1.8.0\jre\bin\prism_d3d.dll
0x000007fee2cb0000 - 0x000007fee2eaf000 	C:\Windows\system32\d3d9.dll
0x000007fefc780000 - 0x000007fefc78c000 	C:\Windows\system32\VERSION.dll
0x000007fef2da0000 - 0x000007fef2da7000 	C:\Windows\system32\d3d8thk.dll
0x000007fefba70000 - 0x000007fefba88000 	C:\Windows\system32\dwmapi.dll
0x000007fefc030000 - 0x000007fefc086000 	C:\Windows\system32\uxtheme.dll
0x0000000073ad0000 - 0x0000000073bbc000 	C:\Windows\system32\aticfx64.dll
0x000007feec530000 - 0x000007feec53e000 	C:\Windows\system32\atiu9p64.dll
0x000000005f100000 - 0x000000005f838000 	C:\Windows\system32\atiumd64.dll
0x0000000060720000 - 0x0000000060bfe000 	C:\Windows\system32\atiumd6a.dll
0x0000000072f40000 - 0x0000000072f7f000 	C:\Program Files\Java\jdk1.8.0\jre\bin\glass.dll
0x000007feffe50000 - 0x000007feffee7000 	C:\Windows\system32\COMDLG32.dll
0x000007feffd70000 - 0x000007feffe47000 	C:\Windows\system32\OLEAUT32.dll
0x000007fefd890000 - 0x000007fefd89f000 	C:\Windows\system32\CRYPTBASE.dll
0x0000000073170000 - 0x000000007318a000 	C:\Program Files\Java\jdk1.8.0\jre\bin\net.dll
0x000007fefd1d0000 - 0x000007fefd225000 	C:\Windows\system32\mswsock.dll
0x000007fefd1c0000 - 0x000007fefd1c7000 	C:\Windows\System32\wship6.dll
0x0000000072f00000 - 0x0000000072f13000 	C:\Program Files\Java\jdk1.8.0\jre\bin\javafx_font.dll
0x000007feecd60000 - 0x000007feecef6000 	C:\Windows\system32\dwrite.dll
0x000007fefc850000 - 0x000007fefc857000 	C:\Windows\System32\wshtcpip.dll
0x000007fefd050000 - 0x000007fefd0ab000 	C:\Windows\system32\DNSAPI.dll
0x000007fefb400000 - 0x000007fefb427000 	C:\Windows\system32\IPHLPAPI.DLL
0x000007fefb3f0000 - 0x000007fefb3fb000 	C:\Windows\system32\WINNSI.DLL
0x000007fef1f80000 - 0x000007fef1f88000 	C:\Windows\system32\rasadhlp.dll
0x000007fefb2b0000 - 0x000007fefb303000 	C:\Windows\System32\fwpuclnt.dll
0x000007fefd230000 - 0x000007fefd247000 	C:\Windows\system32\CRYPTSP.dll
0x000007fefcf30000 - 0x000007fefcf77000 	C:\Windows\system32\rsaenh.dll
0x000007fefdab0000 - 0x000007fefdace000 	C:\Windows\system32\USERENV.dll
0x000007fefb860000 - 0x000007fefb875000 	C:\Windows\system32\NLAapi.dll
0x000007feeebc0000 - 0x000007feeebd5000 	C:\Windows\system32\napinsp.dll
0x000007feeeb50000 - 0x000007feeeb69000 	C:\Windows\system32\pnrpnsp.dll
0x000007feeb540000 - 0x000007feeb54b000 	C:\Windows\System32\winrnr.dll
0x000007fefb030000 - 0x000007fefb040000 	C:\Windows\system32\wshbth.dll
0x0000000073150000 - 0x0000000073161000 	C:\Program Files\Java\jdk1.8.0\jre\bin\nio.dll
0x000007fefe5b0000 - 0x000007fefe649000 	C:\Windows\system32\CLBCatQ.DLL
0x000007fefb450000 - 0x000007fefb5b1000 	C:\Windows\system32\WindowsCodecs.dll
0x000007fefd830000 - 0x000007fefd887000 	C:\Windows\system32\apphelp.dll
0x000007fef9c10000 - 0x000007fef9cb7000 	C:\Program Files (x86)\Adobe\Adobe Creative Cloud\CoreSync\CoreSync_x64.dll
0x000007fef9b60000 - 0x000007fef9c07000 	C:\Windows\system32\MSVCP110.dll
0x000007fef9a80000 - 0x000007fef9b54000 	C:\Windows\system32\MSVCR110.dll
0x0000000073bc0000 - 0x0000000073c60000 	C:\Program Files\AVAST Software\Avast\ashShA64.dll
0x000007fef9760000 - 0x000007fef9a7d000 	C:\Windows\system32\msi.dll
0x00000000737e0000 - 0x00000000737f6000 	C:\Program Files\Common Files\TortoiseOverlays\TortoiseOverlays.dll
0x00000000737c0000 - 0x00000000737db000 	C:\Program Files\TortoiseGit\bin\TortoiseGitStub.dll
0x0000000073710000 - 0x000000007379d000 	C:\Program Files\TortoiseGit\bin\TortoiseGit.dll
0x000007fef9690000 - 0x000007fef9754000 	C:\Program Files\TortoiseGit\bin\libgit2_tgit.dll
0x000007fef9670000 - 0x000007fef9688000 	C:\Program Files\TortoiseGit\bin\zlib1_tgit.dll
0x000007fef9580000 - 0x000007fef966f000 	C:\Windows\system32\MSVCR120.dll
0x000007fef94a0000 - 0x000007fef9511000 	C:\Windows\system32\WINHTTP.dll
0x000007fef9430000 - 0x000007fef9494000 	C:\Windows\system32\webio.dll
0x000007fef91f0000 - 0x000007fef942e000 	C:\Program Files\TortoiseGit\bin\gitdll.dll
0x000007fef9140000 - 0x000007fef91e6000 	C:\Windows\system32\MSVCP120.dll
0x000007fef9100000 - 0x000007fef9135000 	C:\Windows\system32\EhStorShell.dll
0x000007fefddb0000 - 0x000007fefdf87000 	C:\Windows\system32\SETUPAPI.dll
0x000007fefdcb0000 - 0x000007fefdce6000 	C:\Windows\system32\CFGMGR32.dll
0x000007fefda10000 - 0x000007fefda2a000 	C:\Windows\system32\DEVOBJ.dll
0x000007fefc140000 - 0x000007fefc26c000 	C:\Windows\system32\PROPSYS.dll
0x000007fef9020000 - 0x000007fef909e000 	C:\Windows\System32\cscui.dll
0x000007fef9010000 - 0x000007fef901c000 	C:\Windows\System32\CSCDLL.dll
0x000007fef9000000 - 0x000007fef900f000 	C:\Windows\system32\CSCAPI.dll
0x000007feec4a0000 - 0x000007feec4cd000 	C:\Program Files\Common Files\Microsoft Shared\Ink\rtscom.dll
0x000007fefaff0000 - 0x000007fefb02f000 	C:\Program Files\Lenovo\Bluetooth Software\btmmhook.dll
0x0000000072f20000 - 0x0000000072f31000 	C:\Program Files\Java\jdk1.8.0\jre\bin\prism_common.dll
0x000007fefd940000 - 0x000007fefd954000 	C:\Windows\system32\RpcRtRemote.dll
0x000007fef2970000 - 0x000007fef2a95000 	C:\Windows\system32\dbghelp.dll

VM Arguments:
jvm_args: -Dfile.encoding=UTF-8 
java_command: C:\Users\Sonja\Documents\NetBeansProjects\Projektaufgabe_1\dist\run1028972698\Projektaufgabe_1.jar
java_class_path (initial): C:\Users\Sonja\Documents\NetBeansProjects\Projektaufgabe_1\dist\run1028972698\Projektaufgabe_1.jar
Launcher Type: SUN_STANDARD

Environment Variables:
PATH=C:\Program Files (x86)\AMD APP\bin\x86_64;C:\Program Files (x86)\AMD APP\bin\x86;C:\Program Files\Broadcom\Broadcom 802.11 Network Adapter\Driver;C:\Windows\system32;C:\Windows;C:\Windows\System32\Wbem;C:\Windows\System32\WindowsPowerShell\v1.0\;C:\Program Files (x86)\ATI Technologies\ATI.ACE\Core-Static;C:\Program Files\Lenovo\Bluetooth Software\;C:\Program Files\Lenovo\Bluetooth Software\syswow64;C:\Program Files\TortoiseGit\bin
USERNAME=Sonja
OS=Windows_NT
PROCESSOR_IDENTIFIER=AMD64 Family 21 Model 16 Stepping 1, AuthenticAMD



---------------  S Y S T E M  ---------------

OS: Windows 7 , 64 bit Build 7601 Service Pack 1

CPU:total 4 (4 cores per cpu, 1 threads per core) family 21 model 16 stepping 1, cmov, cx8, fxsr, mmx, sse, sse2, sse3, ssse3, sse4.1, sse4.2, popcnt, avx, aes, clmul, mmxext, 3dnowpref, lzcnt, sse4a, tsc, tscinvbit

Memory: 4k page, physical 3591144k(1414604k free), swap 7180424k(4096132k free)

vm_info: Java HotSpot(TM) 64-Bit Server VM (25.0-b70) for windows-amd64 JRE (1.8.0-b132), built on Mar  4 2014 03:46:18 by "java_re" with MS VC++ 10.0 (VS2010)

time: Fri Jan 16 10:37:10 2015
elapsed time: 20 seconds

